<?xml version="1.0" encoding="UTF-8"?><testsuite errors="0" failures="0" name="com.BasicTestCases.DDTest" skipped="0" tests="8" time="16.28" timestamp="2024-06-13 09:09:16"><testcase classname="com.BasicTestCases.DDTest" name="TC0001: Create Student with data parameter"/><testcase classname="com.BasicTestCases.DDTest" name="TC002: Verify the Created Student"/><testcase classname="com.BasicTestCases.DDTest" name="TC003: Update Student TC"/><testcase classname="com.BasicTestCases.DDTest" name="TC004: Delete created Student TC"/></testsuite>