<?xml version="1.0" encoding="UTF-8"?><testsuite errors="0" failures="0" name="com.BasicTestCases.FirstSerenityTest" skipped="3" tests="3" time="0.04" timestamp="2024-06-13 09:09:22"><testcase classname="com.BasicTestCases.FirstSerenityTest" name="Get specific student fail case"><skipped/></testcase><testcase classname="com.BasicTestCases.FirstSerenityTest" name="Get all students"><skipped/></testcase><testcase classname="com.BasicTestCases.FirstSerenityTest" name="Get specific student"><skipped/></testcase></testsuite>