<?xml version="1.0" encoding="UTF-8"?>
<testng-results ignored="0" total="1" passed="1" failed="0" skipped="0">
  <reporter-output>
  </reporter-output>
  <suite started-at="2024-06-18T09:16:49 IST" name="Default suite" finished-at="2024-06-18T09:17:00 IST" duration-ms="11448">
    <groups>
    </groups>
    <test started-at="2024-06-18T09:16:49 IST" name="Default test" finished-at="2024-06-18T09:17:00 IST" duration-ms="11448">
      <class name="restfullbookerTestCases.GetBooking">
        <test-method signature="getBookingDetails()[pri:0, instance:restfullbookerTestCases.GetBooking@247d8ae]" started-at="2024-06-18T09:16:49 IST" name="getBookingDetails" finished-at="2024-06-18T09:17:00 IST" duration-ms="11267" status="PASS">
          <reporter-output>
          </reporter-output>
        </test-method> <!-- getBookingDetails -->
      </class> <!-- restfullbookerTestCases.GetBooking -->
    </test> <!-- Default test -->
  </suite> <!-- Default suite -->
</testng-results>
